[debug] [2024-03-15T04:07:10.576Z] ----------------------------------------------------------------------
[debug] [2024-03-15T04:07:10.580Z] Command:       /home/usuario/.nvm/versions/node/v20.11.0/bin/node /home/usuario/.nvm/versions/node/v20.11.0/bin/firebase login
[debug] [2024-03-15T04:07:10.580Z] CLI Version:   13.5.1
[debug] [2024-03-15T04:07:10.581Z] Platform:      linux
[debug] [2024-03-15T04:07:10.581Z] Node Version:  v20.11.0
[debug] [2024-03-15T04:07:10.581Z] Time:          Fri Mar 15 2024 05:07:10 GMT+0100 (hora estándar de Europa central)
[debug] [2024-03-15T04:07:10.581Z] ----------------------------------------------------------------------
[debug] 
[debug] [2024-03-15T04:07:10.585Z] >>> [apiv2][query] GET https://firebase-public.firebaseio.com/cli.json [none]
[info] i  Firebase optionally collects CLI and Emulator Suite usage and error reporting information to help improve our products. Data is collected in accordance with Google's privacy policy (https://policies.google.com/privacy) and is not used to identify you.
 
[debug] [2024-03-15T04:07:11.077Z] <<< [apiv2][status] GET https://firebase-public.firebaseio.com/cli.json 200
[debug] [2024-03-15T04:07:11.078Z] <<< [apiv2][body] GET https://firebase-public.firebaseio.com/cli.json {"cloudBuildErrorAfter":1594252800000,"cloudBuildWarnAfter":1590019200000,"defaultNode10After":1594252800000,"minVersion":"3.0.5","node8DeploysDisabledAfter":1613390400000,"node8RuntimeDisabledAfter":1615809600000,"node8WarnAfter":1600128000000}
[info] 
[info] Visit this URL on this device to log in:
[info] https://accounts.google.com/o/oauth2/auth?client_id=563584335869-fgrhgmd47bqnekij5i8b5pr03ho849e6.apps.googleusercontent.com&scope=email%20openid%20https%3A%2F%2Fwww.googleapis.com%2Fauth%2Fcloudplatformprojects.readonly%20https%3A%2F%2Fwww.googleapis.com%2Fauth%2Ffirebase%20https%3A%2F%2Fwww.googleapis.com%2Fauth%2Fcloud-platform&response_type=code&state=512393550&redirect_uri=http%3A%2F%2Flocalhost%3A9005
[info] 
[info] Waiting for authentication...
[debug] [2024-03-15T04:09:05.901Z] >>> [apiv2][query] POST https://auth.firebase.tools/attest [none]
[debug] [2024-03-15T04:09:05.902Z] >>> [apiv2][body] POST https://auth.firebase.tools/attest {"session_id":"3d3ad9a2-8f8e-4d4e-8150-cef1c60ddb4d"}
[debug] [2024-03-15T04:09:06.455Z] <<< [apiv2][status] POST https://auth.firebase.tools/attest 200
[debug] [2024-03-15T04:09:06.455Z] <<< [apiv2][body] POST https://auth.firebase.tools/attest {"token":"c16CLsq3ekDf09tJN805oPAwR8vNay2iEDrzveYqq4k"}
[info] 
[info] To sign in to the Firebase CLI:
[info] 
[info] 1. Take note of your session ID:
[info] 
[info]    3D3AD
[info] 
[info] 2. Visit the URL below on any device and follow the instructions to get your code:
[info] 
[info]    https://auth.firebase.tools/login?code_challenge=5YDBL2rPprLOLjkLJ0owv52OHV3PsnsT-7frBtVcQVc&session=3d3ad9a2-8f8e-4d4e-8150-cef1c60ddb4d&attest=c16CLsq3ekDf09tJN805oPAwR8vNay2iEDrzveYqq4k
[info] 
[info] 3. Paste or enter the authorization code below once you have it:
[info] 
